<?xml version="1.0" encoding="UTF-8"?>
<!-- Generated by org.testng.reporters.JUnitXMLReporter -->
<testsuite hostname="DESKTOP-J5OBS0H" name="Run on Chrome" tests="3" failures="1" timestamp="4 Jul 2022 06:18:36 GMT" time="9.453" errors="0">
  <testcase name="Login_01_Register_User" time="3.549" classname="nopcommerce_TCs.Swicth_Page"/>
  <testcase name="Login_User" time="2.057" classname="nopcommerce_TCs.Swicth_Page"/>
  <testcase name="My_Account" time="0.614" classname="nopcommerce_TCs.Swicth_Page">
    <failure type="java.lang.AssertionError" message="expected [true] but found [false]">
      <![CDATA[java.lang.AssertionError: expected [true] but found [false]
	at nopcommerce_TCs.Swicth_Page.My_Account(Swicth_Page.java:62)
... Removed 28 stack frames]]>
    </failure>
  </testcase> <!-- My_Account -->
</testsuite> <!-- Run on Chrome -->
