<?xml version="1.0" encoding="UTF-8"?>
<!-- Generated by org.testng.reporters.JUnitXMLReporter -->
<testsuite hostname="DESKTOP-J5OBS0H" name="Run on Chrome" tests="3" failures="0" timestamp="14 Jul 2022 10:31:58 GMT" time="12.793" errors="0">
  <testcase name="Login_01_Register_User" time="3.201" classname="nopcommerce_TCs.Swicth_Role"/>
  <testcase name="Role_01_User" time="1.834" classname="nopcommerce_TCs.Swicth_Role"/>
  <testcase name="Role_02_Admin" time="5.251" classname="nopcommerce_TCs.Swicth_Role"/>
</testsuite> <!-- Run on Chrome -->
