<?xml version="1.0" encoding="UTF-8"?>
<!-- Generated by org.testng.reporters.JUnitXMLReporter -->
<testsuite hostname="DESKTOP-J5OBS0H" name="Run on Chrome" tests="7" failures="0" timestamp="4 Jul 2022 03:03:21 GMT" time="19.823" errors="0">
  <testcase name="Login_01_Empty_Data" time="0.668" classname="nopcommerce.PageGeneratorManager_III"/>
  <testcase name="Login_02_Invalid_Email" time="0.834" classname="nopcommerce.PageGeneratorManager_III"/>
  <testcase name="Login_03_Email_Not_Found" time="1.227" classname="nopcommerce.PageGeneratorManager_III"/>
  <testcase name="Login_04_Existing_Email_Empty_Password" time="1.131" classname="nopcommerce.PageGeneratorManager_III"/>
  <testcase name="Login_05_Existing_Email_Incorrect_Password" time="1.194" classname="nopcommerce.PageGeneratorManager_III"/>
  <testcase name="Login_06_Email_Correct_Password" time="1.617" classname="nopcommerce.PageGeneratorManager_III"/>
  <testcase name="Login_06_My_AccountLink" time="0.568" classname="nopcommerce.PageGeneratorManager_III"/>
</testsuite> <!-- Run on Chrome -->
