<?xml version="1.0" encoding="UTF-8"?>
<testng-results skipped="0" failed="0" total="4" passed="4">
  <reporter-output>
  </reporter-output>
  <suite name="nopcommerce_Project_Example" duration-ms="21581" started-at="2022-07-15T15:33:40Z" finished-at="2022-07-15T15:34:01Z">
    <groups>
    </groups>
    <test name="Run on Chrome" duration-ms="21581" started-at="2022-07-15T15:33:40Z" finished-at="2022-07-15T15:34:01Z">
      <class name="nopcommerce_TCs.Swicth_Page">
        <test-method status="PASS" signature="BeforeClass(java.lang.String)[pri:0, instance:nopcommerce_TCs.Swicth_Page@5034c75a]" name="BeforeClass" is-config="true" duration-ms="5656" started-at="2022-07-15T22:33:40Z" finished-at="2022-07-15T22:33:46Z">
          <params>
            <param index="0">
              <value>
                <![CDATA[chrome]]>
              </value>
            </param>
          </params>
          <reporter-output>
          </reporter-output>
        </test-method> <!-- BeforeClass -->
        <test-method status="PASS" signature="Login_01_Register_User()[pri:0, instance:nopcommerce_TCs.Swicth_Page@5034c75a]" name="Login_01_Register_User" duration-ms="6071" started-at="2022-07-15T22:33:46Z" finished-at="2022-07-15T22:33:52Z">
          <reporter-output>
          </reporter-output>
        </test-method> <!-- Login_01_Register_User -->
        <test-method status="PASS" signature="Login_User()[pri:0, instance:nopcommerce_TCs.Swicth_Page@5034c75a]" name="Login_User" duration-ms="3412" started-at="2022-07-15T22:33:52Z" finished-at="2022-07-15T22:33:55Z">
          <reporter-output>
          </reporter-output>
        </test-method> <!-- Login_User -->
        <test-method status="PASS" signature="My_Account()[pri:0, instance:nopcommerce_TCs.Swicth_Page@5034c75a]" name="My_Account" duration-ms="1283" started-at="2022-07-15T22:33:55Z" finished-at="2022-07-15T22:33:56Z">
          <reporter-output>
          </reporter-output>
        </test-method> <!-- My_Account -->
        <test-method status="PASS" signature="Switch_Page()[pri:0, instance:nopcommerce_TCs.Swicth_Page@5034c75a]" name="Switch_Page" duration-ms="5114" started-at="2022-07-15T22:33:56Z" finished-at="2022-07-15T22:34:01Z">
          <reporter-output>
          </reporter-output>
        </test-method> <!-- Switch_Page -->
      </class> <!-- nopcommerce_TCs.Swicth_Page -->
    </test> <!-- Run on Chrome -->
  </suite> <!-- nopcommerce_Project_Example -->
</testng-results>
